Arguments: 
  C:\Program Files\nodejs\node.exe C:\Program Files (x86)\Yarn\bin\yarn.js add react-icons

PATH: 
  C:\Program Files\Common Files\Oracle\Java\javapath;C:\WINDOWS\system32;C:\WINDOWS;C:\WINDOWS\System32\Wbem;C:\WINDOWS\System32\WindowsPowerShell\v1.0\;C:\WINDOWS\System32\OpenSSH\;C:\Program Files\nodejs\;C:\Program Files\dotnet\;C:\Program Files\Git\cmd;C:\Program Files\Git\mingw64\bin;C:\Program Files\Git\usr\bin;C:\Program Files (x86)\Yarn\bin\;C:\Program Files\Docker\Docker\resources\bin;C:\Users\aswin\scoop\shims;C:\Users\aswin\AppData\Local\Programs\Python\Python312\Scripts\;C:\Users\aswin\AppData\Local\Programs\Python\Python312\;C:\Users\aswin\AppData\Local\Microsoft\WindowsApps;C:\Users\aswin\AppData\Local\Programs\Microsoft VS Code\bin;C:\Users\aswin\AppData\Roaming\npm;C:\Users\aswin\AppData\Local\GitHubDesktop\bin;C:\Program Files (x86)\Nmap;C:\Snort\bin;C:\Users\aswin\AppData\Local\Yarn\bin;c:\users\aswin\appdata\roaming\python\python312\scripts;c:\users\aswin\.local\bin

Yarn version: 
  1.22.19

Node version: 
  18.17.1

Platform: 
  win32 x64

Trace: 
  Error: EPERM: operation not permitted, unlink 'C:\Users\aswin\Desktop\Projects\CyberSecProjects\threatsleuth\node_modules\@next\swc-win32-x64-msvc\next-swc.win32-x64-msvc.node'

npm manifest: 
  {
    "name": "threatsleuth",
    "version": "0.1.0",
    "private": true,
    "scripts": {
      "dev": "next dev",
      "build": "next build",
      "start": "next start",
      "lint": "next lint"
    },
    "dependencies": {
      "@radix-ui/react-label": "^2.0.2",
      "@radix-ui/react-slot": "^1.0.2",
      "@radix-ui/react-tabs": "^1.0.4",
      "axios": "^1.6.7",
      "class-variance-authority": "^0.7.0",
      "clsx": "^2.1.0",
      "lucide-react": "^0.354.0",
      "next": "14.1.3",
      "react": "^18",
      "react-dom": "^18",
      "react-router-dom": "^6.22.3",
      "tailwind-merge": "^2.2.1",
      "tailwindcss-animate": "^1.0.7"
    },
    "devDependencies": {
      "@types/node": "^20",
      "@types/react": "^18",
      "@types/react-dom": "^18",
      "autoprefixer": "^10.0.1",
      "eslint": "^8",
      "eslint-config-next": "14.1.3",
      "postcss": "^8",
      "tailwindcss": "^3.3.0",
      "typescript": "^5"
    }
  }

yarn manifest: 
  No manifest

Lockfile: 
  No lockfile
